\BOOKMARK [1][-]{section.0}{Introduction}{}% 1
\BOOKMARK [2][-]{subsection.0.1}{Administrative Details}{section.0}% 2
\BOOKMARK [3][-]{subsubsection.0.1.1}{... ...}{subsection.0.1}% 3
\BOOKMARK [2][-]{subsection.0.2}{Programming Basics}{section.0}% 4
\BOOKMARK [3][-]{subsubsection.0.2.1}{Time Complexity}{subsection.0.2}% 5
\BOOKMARK [3][-]{subsubsection.0.2.2}{Recursion}{subsection.0.2}% 6
\BOOKMARK [3][-]{subsubsection.0.2.3}{Divide and Conquer}{subsection.0.2}% 7
\BOOKMARK [3][-]{subsubsection.0.2.4}{Dynamic Programming}{subsection.0.2}% 8
\BOOKMARK [1][-]{section.1}{List}{}% 9
\BOOKMARK [2][-]{subsection.1.1}{Structures to implement}{section.1}% 10
\BOOKMARK [3][-]{subsubsection.1.1.1}{Singly linked list}{subsection.1.1}% 11
\BOOKMARK [3][-]{subsubsection.1.1.2}{Doubly linked list}{subsection.1.1}% 12
\BOOKMARK [3][-]{subsubsection.1.1.3}{Circular linked list}{subsection.1.1}% 13
\BOOKMARK [2][-]{subsection.1.2}{Operations to implement}{section.1}% 14
\BOOKMARK [3][-]{subsubsection.1.2.1}{Sorting}{subsection.1.2}% 15
\BOOKMARK [3][-]{subsubsection.1.2.2}{Searching}{subsection.1.2}% 16
\BOOKMARK [3][-]{subsubsection.1.2.3}{Insertion}{subsection.1.2}% 17
\BOOKMARK [3][-]{subsubsection.1.2.4}{Deletion}{subsection.1.2}% 18
\BOOKMARK [1][-]{section.2}{Stack}{}% 19
\BOOKMARK [2][-]{subsection.2.1}{Structures to implement}{section.2}% 20
\BOOKMARK [3][-]{subsubsection.2.1.1}{Simple stack}{subsection.2.1}% 21
\BOOKMARK [2][-]{subsection.2.2}{Operations to implement}{section.2}% 22
\BOOKMARK [3][-]{subsubsection.2.2.1}{Sorting}{subsection.2.2}% 23
\BOOKMARK [3][-]{subsubsection.2.2.2}{Searching}{subsection.2.2}% 24
\BOOKMARK [3][-]{subsubsection.2.2.3}{Insertion}{subsection.2.2}% 25
\BOOKMARK [3][-]{subsubsection.2.2.4}{Deletion}{subsection.2.2}% 26
\BOOKMARK [1][-]{section.3}{Queue}{}% 27
\BOOKMARK [2][-]{subsection.3.1}{Structures to implement}{section.3}% 28
\BOOKMARK [3][-]{subsubsection.3.1.1}{Simple queue}{subsection.3.1}% 29
\BOOKMARK [3][-]{subsubsection.3.1.2}{Priority queue}{subsection.3.1}% 30
\BOOKMARK [3][-]{subsubsection.3.1.3}{Dequeue \(double ended queue\)}{subsection.3.1}% 31
\BOOKMARK [2][-]{subsection.3.2}{Operations to implement}{section.3}% 32
\BOOKMARK [3][-]{subsubsection.3.2.1}{Sorting}{subsection.3.2}% 33
\BOOKMARK [3][-]{subsubsection.3.2.2}{Searching}{subsection.3.2}% 34
\BOOKMARK [3][-]{subsubsection.3.2.3}{Insertion}{subsection.3.2}% 35
\BOOKMARK [3][-]{subsubsection.3.2.4}{Deletion}{subsection.3.2}% 36
\BOOKMARK [1][-]{section.4}{Advanced Structure}{}% 37
\BOOKMARK [2][-]{subsection.4.1}{Structures to implement}{section.4}% 38
\BOOKMARK [3][-]{subsubsection.4.1.1}{Tree}{subsection.4.1}% 39
\BOOKMARK [3][-]{subsubsection.4.1.2}{Graph}{subsection.4.1}% 40
\BOOKMARK [2][-]{subsection.4.2}{Operations to implement}{section.4}% 41
\BOOKMARK [3][-]{subsubsection.4.2.1}{Elementary algorithms}{subsection.4.2}% 42
\BOOKMARK [3][-]{subsubsection.4.2.2}{Minimum spanning tree}{subsection.4.2}% 43
\BOOKMARK [3][-]{subsubsection.4.2.3}{Shortest path algorithms}{subsection.4.2}% 44
